cl : командная строка warning D9025: переопределение "/sdl-" на "/GS-"
  Source.cpp
C:\Program Files (x86)\Windows Kits\8.1\Include\shared\ntstatus.h(66): warning C4005: STATUS_WAIT_0: изменение макроопределения
  C:\Program Files (x86)\Windows Kits\8.1\Include\um\winnt.h(2210): note: см. предыдущее определение "STATUS_WAIT_0"
C:\Program Files (x86)\Windows Kits\8.1\Include\shared\ntstatus.h(212): warning C4005: STATUS_ABANDONED_WAIT_0: изменение макроопределения
  C:\Program Files (x86)\Windows Kits\8.1\Include\um\winnt.h(2211): note: см. предыдущее определение "STATUS_ABANDONED_WAIT_0"
C:\Program Files (x86)\Windows Kits\8.1\Include\shared\ntstatus.h(235): warning C4005: STATUS_USER_APC: изменение макроопределения
  C:\Program Files (x86)\Windows Kits\8.1\Include\um\winnt.h(2212): note: см. предыдущее определение "STATUS_USER_APC"
C:\Program Files (x86)\Windows Kits\8.1\Include\shared\ntstatus.h(262): warning C4005: STATUS_TIMEOUT: изменение макроопределения
  C:\Program Files (x86)\Windows Kits\8.1\Include\um\winnt.h(2213): note: см. предыдущее определение "STATUS_TIMEOUT"
C:\Program Files (x86)\Windows Kits\8.1\Include\shared\ntstatus.h(271): warning C4005: STATUS_PENDING: изменение макроопределения
  C:\Program Files (x86)\Windows Kits\8.1\Include\um\winnt.h(2214): note: см. предыдущее определение "STATUS_PENDING"
C:\Program Files (x86)\Windows Kits\8.1\Include\shared\ntstatus.h(682): warning C4005: DBG_EXCEPTION_HANDLED: изменение макроопределения
  C:\Program Files (x86)\Windows Kits\8.1\Include\um\winnt.h(2215): note: см. предыдущее определение "DBG_EXCEPTION_HANDLED"
C:\Program Files (x86)\Windows Kits\8.1\Include\shared\ntstatus.h(691): warning C4005: DBG_CONTINUE: изменение макроопределения
  C:\Program Files (x86)\Windows Kits\8.1\Include\um\winnt.h(2216): note: см. предыдущее определение "DBG_CONTINUE"
C:\Program Files (x86)\Windows Kits\8.1\Include\shared\ntstatus.h(766): warning C4005: STATUS_SEGMENT_NOTIFICATION: изменение макроопределения
  C:\Program Files (x86)\Windows Kits\8.1\Include\um\winnt.h(2217): note: см. предыдущее определение "STATUS_SEGMENT_NOTIFICATION"
C:\Program Files (x86)\Windows Kits\8.1\Include\shared\ntstatus.h(929): warning C4005: STATUS_FATAL_APP_EXIT: изменение макроопределения
  C:\Program Files (x86)\Windows Kits\8.1\Include\um\winnt.h(2218): note: см. предыдущее определение "STATUS_FATAL_APP_EXIT"
C:\Program Files (x86)\Windows Kits\8.1\Include\shared\ntstatus.h(1258): warning C4005: DBG_TERMINATE_THREAD: изменение макроопределения
  C:\Program Files (x86)\Windows Kits\8.1\Include\um\winnt.h(2219): note: см. предыдущее определение "DBG_TERMINATE_THREAD"
C:\Program Files (x86)\Windows Kits\8.1\Include\shared\ntstatus.h(1267): warning C4005: DBG_TERMINATE_PROCESS: изменение макроопределения
  C:\Program Files (x86)\Windows Kits\8.1\Include\um\winnt.h(2220): note: см. предыдущее определение "DBG_TERMINATE_PROCESS"
C:\Program Files (x86)\Windows Kits\8.1\Include\shared\ntstatus.h(1276): warning C4005: DBG_CONTROL_C: изменение макроопределения
  C:\Program Files (x86)\Windows Kits\8.1\Include\um\winnt.h(2221): note: см. предыдущее определение "DBG_CONTROL_C"
C:\Program Files (x86)\Windows Kits\8.1\Include\shared\ntstatus.h(1285): warning C4005: DBG_PRINTEXCEPTION_C: изменение макроопределения
  C:\Program Files (x86)\Windows Kits\8.1\Include\um\winnt.h(2222): note: см. предыдущее определение "DBG_PRINTEXCEPTION_C"
C:\Program Files (x86)\Windows Kits\8.1\Include\shared\ntstatus.h(1294): warning C4005: DBG_RIPEXCEPTION: изменение макроопределения
  C:\Program Files (x86)\Windows Kits\8.1\Include\um\winnt.h(2223): note: см. предыдущее определение "DBG_RIPEXCEPTION"
C:\Program Files (x86)\Windows Kits\8.1\Include\shared\ntstatus.h(1303): warning C4005: DBG_CONTROL_BREAK: изменение макроопределения
  C:\Program Files (x86)\Windows Kits\8.1\Include\um\winnt.h(2224): note: см. предыдущее определение "DBG_CONTROL_BREAK"
C:\Program Files (x86)\Windows Kits\8.1\Include\shared\ntstatus.h(1312): warning C4005: DBG_COMMAND_EXCEPTION: изменение макроопределения
  C:\Program Files (x86)\Windows Kits\8.1\Include\um\winnt.h(2225): note: см. предыдущее определение "DBG_COMMAND_EXCEPTION"
C:\Program Files (x86)\Windows Kits\8.1\Include\shared\ntstatus.h(1344): warning C4005: STATUS_GUARD_PAGE_VIOLATION: изменение макроопределения
  C:\Program Files (x86)\Windows Kits\8.1\Include\um\winnt.h(2226): note: см. предыдущее определение "STATUS_GUARD_PAGE_VIOLATION"
C:\Program Files (x86)\Windows Kits\8.1\Include\shared\ntstatus.h(1355): warning C4005: STATUS_DATATYPE_MISALIGNMENT: изменение макроопределения
  C:\Program Files (x86)\Windows Kits\8.1\Include\um\winnt.h(2227): note: см. предыдущее определение "STATUS_DATATYPE_MISALIGNMENT"
C:\Program Files (x86)\Windows Kits\8.1\Include\shared\ntstatus.h(1366): warning C4005: STATUS_BREAKPOINT: изменение макроопределения
  C:\Program Files (x86)\Windows Kits\8.1\Include\um\winnt.h(2228): note: см. предыдущее определение "STATUS_BREAKPOINT"
C:\Program Files (x86)\Windows Kits\8.1\Include\shared\ntstatus.h(1377): warning C4005: STATUS_SINGLE_STEP: изменение макроопределения
  C:\Program Files (x86)\Windows Kits\8.1\Include\um\winnt.h(2229): note: см. предыдущее определение "STATUS_SINGLE_STEP"
C:\Program Files (x86)\Windows Kits\8.1\Include\shared\ntstatus.h(1680): warning C4005: STATUS_LONGJUMP: изменение макроопределения
  C:\Program Files (x86)\Windows Kits\8.1\Include\um\winnt.h(2230): note: см. предыдущее определение "STATUS_LONGJUMP"
C:\Program Files (x86)\Windows Kits\8.1\Include\shared\ntstatus.h(1707): warning C4005: STATUS_UNWIND_CONSOLIDATE: изменение макроопределения
  C:\Program Files (x86)\Windows Kits\8.1\Include\um\winnt.h(2231): note: см. предыдущее определение "STATUS_UNWIND_CONSOLIDATE"
C:\Program Files (x86)\Windows Kits\8.1\Include\shared\ntstatus.h(1784): warning C4005: DBG_EXCEPTION_NOT_HANDLED: изменение макроопределения
  C:\Program Files (x86)\Windows Kits\8.1\Include\um\winnt.h(2232): note: см. предыдущее определение "DBG_EXCEPTION_NOT_HANDLED"
C:\Program Files (x86)\Windows Kits\8.1\Include\shared\ntstatus.h(1913): warning C4005: STATUS_ACCESS_VIOLATION: изменение макроопределения
  C:\Program Files (x86)\Windows Kits\8.1\Include\um\winnt.h(2233): note: см. предыдущее определение "STATUS_ACCESS_VIOLATION"
C:\Program Files (x86)\Windows Kits\8.1\Include\shared\ntstatus.h(1922): warning C4005: STATUS_IN_PAGE_ERROR: изменение макроопределения
  C:\Program Files (x86)\Windows Kits\8.1\Include\um\winnt.h(2234): note: см. предыдущее определение "STATUS_IN_PAGE_ERROR"
C:\Program Files (x86)\Windows Kits\8.1\Include\shared\ntstatus.h(1940): warning C4005: STATUS_INVALID_HANDLE: изменение макроопределения
  C:\Program Files (x86)\Windows Kits\8.1\Include\um\winnt.h(2235): note: см. предыдущее определение "STATUS_INVALID_HANDLE"
C:\Program Files (x86)\Windows Kits\8.1\Include\shared\ntstatus.h(1985): warning C4005: STATUS_INVALID_PARAMETER: изменение макроопределения
  C:\Program Files (x86)\Windows Kits\8.1\Include\um\winnt.h(2236): note: см. предыдущее определение "STATUS_INVALID_PARAMETER"
C:\Program Files (x86)\Windows Kits\8.1\Include\shared\ntstatus.h(2085): warning C4005: STATUS_NO_MEMORY: изменение макроопределения
  C:\Program Files (x86)\Windows Kits\8.1\Include\um\winnt.h(2237): note: см. предыдущее определение "STATUS_NO_MEMORY"
C:\Program Files (x86)\Windows Kits\8.1\Include\shared\ntstatus.h(2142): warning C4005: STATUS_ILLEGAL_INSTRUCTION: изменение макроопределения
  C:\Program Files (x86)\Windows Kits\8.1\Include\um\winnt.h(2238): note: см. предыдущее определение "STATUS_ILLEGAL_INSTRUCTION"
C:\Program Files (x86)\Windows Kits\8.1\Include\shared\ntstatus.h(2223): warning C4005: STATUS_NONCONTINUABLE_EXCEPTION: изменение макроопределения
  C:\Program Files (x86)\Windows Kits\8.1\Include\um\winnt.h(2239): note: см. предыдущее определение "STATUS_NONCONTINUABLE_EXCEPTION"
C:\Program Files (x86)\Windows Kits\8.1\Include\shared\ntstatus.h(2232): warning C4005: STATUS_INVALID_DISPOSITION: изменение макроопределения
  C:\Program Files (x86)\Windows Kits\8.1\Include\um\winnt.h(2240): note: см. предыдущее определение "STATUS_INVALID_DISPOSITION"
C:\Program Files (x86)\Windows Kits\8.1\Include\shared\ntstatus.h(3155): warning C4005: STATUS_ARRAY_BOUNDS_EXCEEDED: изменение макроопределения
  C:\Program Files (x86)\Windows Kits\8.1\Include\um\winnt.h(2241): note: см. предыдущее определение "STATUS_ARRAY_BOUNDS_EXCEEDED"
C:\Program Files (x86)\Windows Kits\8.1\Include\shared\ntstatus.h(3165): warning C4005: STATUS_FLOAT_DENORMAL_OPERAND: изменение макроопределения
  C:\Program Files (x86)\Windows Kits\8.1\Include\um\winnt.h(2242): note: см. предыдущее определение "STATUS_FLOAT_DENORMAL_OPERAND"
C:\Program Files (x86)\Windows Kits\8.1\Include\shared\ntstatus.h(3175): warning C4005: STATUS_FLOAT_DIVIDE_BY_ZERO: изменение макроопределения
  C:\Program Files (x86)\Windows Kits\8.1\Include\um\winnt.h(2243): note: см. предыдущее определение "STATUS_FLOAT_DIVIDE_BY_ZERO"
C:\Program Files (x86)\Windows Kits\8.1\Include\shared\ntstatus.h(3185): warning C4005: STATUS_FLOAT_INEXACT_RESULT: изменение макроопределения
  C:\Program Files (x86)\Windows Kits\8.1\Include\um\winnt.h(2244): note: см. предыдущее определение "STATUS_FLOAT_INEXACT_RESULT"
C:\Program Files (x86)\Windows Kits\8.1\Include\shared\ntstatus.h(3195): warning C4005: STATUS_FLOAT_INVALID_OPERATION: изменение макроопределения
  C:\Program Files (x86)\Windows Kits\8.1\Include\um\winnt.h(2245): note: см. предыдущее определение "STATUS_FLOAT_INVALID_OPERATION"
C:\Program Files (x86)\Windows Kits\8.1\Include\shared\ntstatus.h(3205): warning C4005: STATUS_FLOAT_OVERFLOW: изменение макроопределения
  C:\Program Files (x86)\Windows Kits\8.1\Include\um\winnt.h(2246): note: см. предыдущее определение "STATUS_FLOAT_OVERFLOW"
C:\Program Files (x86)\Windows Kits\8.1\Include\shared\ntstatus.h(3215): warning C4005: STATUS_FLOAT_STACK_CHECK: изменение макроопределения
  C:\Program Files (x86)\Windows Kits\8.1\Include\um\winnt.h(2247): note: см. предыдущее определение "STATUS_FLOAT_STACK_CHECK"
C:\Program Files (x86)\Windows Kits\8.1\Include\shared\ntstatus.h(3225): warning C4005: STATUS_FLOAT_UNDERFLOW: изменение макроопределения
  C:\Program Files (x86)\Windows Kits\8.1\Include\um\winnt.h(2248): note: см. предыдущее определение "STATUS_FLOAT_UNDERFLOW"
C:\Program Files (x86)\Windows Kits\8.1\Include\shared\ntstatus.h(3235): warning C4005: STATUS_INTEGER_DIVIDE_BY_ZERO: изменение макроопределения
  C:\Program Files (x86)\Windows Kits\8.1\Include\um\winnt.h(2249): note: см. предыдущее определение "STATUS_INTEGER_DIVIDE_BY_ZERO"
C:\Program Files (x86)\Windows Kits\8.1\Include\shared\ntstatus.h(3245): warning C4005: STATUS_INTEGER_OVERFLOW: изменение макроопределения
  C:\Program Files (x86)\Windows Kits\8.1\Include\um\winnt.h(2250): note: см. предыдущее определение "STATUS_INTEGER_OVERFLOW"
C:\Program Files (x86)\Windows Kits\8.1\Include\shared\ntstatus.h(3255): warning C4005: STATUS_PRIVILEGED_INSTRUCTION: изменение макроопределения
  C:\Program Files (x86)\Windows Kits\8.1\Include\um\winnt.h(2251): note: см. предыдущее определение "STATUS_PRIVILEGED_INSTRUCTION"
C:\Program Files (x86)\Windows Kits\8.1\Include\shared\ntstatus.h(4201): warning C4005: STATUS_STACK_OVERFLOW: изменение макроопределения
  C:\Program Files (x86)\Windows Kits\8.1\Include\um\winnt.h(2252): note: см. предыдущее определение "STATUS_STACK_OVERFLOW"
C:\Program Files (x86)\Windows Kits\8.1\Include\shared\ntstatus.h(4718): warning C4005: STATUS_DLL_NOT_FOUND: изменение макроопределения
  C:\Program Files (x86)\Windows Kits\8.1\Include\um\winnt.h(2253): note: см. предыдущее определение "STATUS_DLL_NOT_FOUND"
C:\Program Files (x86)\Windows Kits\8.1\Include\shared\ntstatus.h(4747): warning C4005: STATUS_ORDINAL_NOT_FOUND: изменение макроопределения
  C:\Program Files (x86)\Windows Kits\8.1\Include\um\winnt.h(2254): note: см. предыдущее определение "STATUS_ORDINAL_NOT_FOUND"
C:\Program Files (x86)\Windows Kits\8.1\Include\shared\ntstatus.h(4757): warning C4005: STATUS_ENTRYPOINT_NOT_FOUND: изменение макроопределения
  C:\Program Files (x86)\Windows Kits\8.1\Include\um\winnt.h(2255): note: см. предыдущее определение "STATUS_ENTRYPOINT_NOT_FOUND"
C:\Program Files (x86)\Windows Kits\8.1\Include\shared\ntstatus.h(4767): warning C4005: STATUS_CONTROL_C_EXIT: изменение макроопределения
  C:\Program Files (x86)\Windows Kits\8.1\Include\um\winnt.h(2256): note: см. предыдущее определение "STATUS_CONTROL_C_EXIT"
C:\Program Files (x86)\Windows Kits\8.1\Include\shared\ntstatus.h(4845): warning C4005: STATUS_DLL_INIT_FAILED: изменение макроопределения
  C:\Program Files (x86)\Windows Kits\8.1\Include\um\winnt.h(2257): note: см. предыдущее определение "STATUS_DLL_INIT_FAILED"
C:\Program Files (x86)\Windows Kits\8.1\Include\shared\ntstatus.h(7319): warning C4005: STATUS_FLOAT_MULTIPLE_FAULTS: изменение макроопределения
  C:\Program Files (x86)\Windows Kits\8.1\Include\um\winnt.h(2258): note: см. предыдущее определение "STATUS_FLOAT_MULTIPLE_FAULTS"
C:\Program Files (x86)\Windows Kits\8.1\Include\shared\ntstatus.h(7329): warning C4005: STATUS_FLOAT_MULTIPLE_TRAPS: изменение макроопределения
  C:\Program Files (x86)\Windows Kits\8.1\Include\um\winnt.h(2259): note: см. предыдущее определение "STATUS_FLOAT_MULTIPLE_TRAPS"
C:\Program Files (x86)\Windows Kits\8.1\Include\shared\ntstatus.h(7461): warning C4005: STATUS_REG_NAT_CONSUMPTION: изменение макроопределения
  C:\Program Files (x86)\Windows Kits\8.1\Include\um\winnt.h(2260): note: см. предыдущее определение "STATUS_REG_NAT_CONSUMPTION"
C:\Program Files (x86)\Windows Kits\8.1\Include\shared\ntstatus.h(8435): warning C4005: STATUS_HEAP_CORRUPTION: изменение макроопределения
  C:\Program Files (x86)\Windows Kits\8.1\Include\um\winnt.h(2261): note: см. предыдущее определение "STATUS_HEAP_CORRUPTION"
C:\Program Files (x86)\Windows Kits\8.1\Include\shared\ntstatus.h(8663): warning C4005: STATUS_STACK_BUFFER_OVERRUN: изменение макроопределения
  C:\Program Files (x86)\Windows Kits\8.1\Include\um\winnt.h(2262): note: см. предыдущее определение "STATUS_STACK_BUFFER_OVERRUN"
C:\Program Files (x86)\Windows Kits\8.1\Include\shared\ntstatus.h(8790): warning C4005: STATUS_INVALID_CRUNTIME_PARAMETER: изменение макроопределения
  C:\Program Files (x86)\Windows Kits\8.1\Include\um\winnt.h(2263): note: см. предыдущее определение "STATUS_INVALID_CRUNTIME_PARAMETER"
C:\Program Files (x86)\Windows Kits\8.1\Include\shared\ntstatus.h(8853): warning C4005: STATUS_ASSERTION_FAILURE: изменение макроопределения
  C:\Program Files (x86)\Windows Kits\8.1\Include\um\winnt.h(2264): note: см. предыдущее определение "STATUS_ASSERTION_FAILURE"
C:\Program Files (x86)\Windows Kits\8.1\Include\shared\ntstatus.h(12894): warning C4005: STATUS_SXS_EARLY_DEACTIVATION: изменение макроопределения
  C:\Program Files (x86)\Windows Kits\8.1\Include\um\winnt.h(2266): note: см. предыдущее определение "STATUS_SXS_EARLY_DEACTIVATION"
C:\Program Files (x86)\Windows Kits\8.1\Include\shared\ntstatus.h(12903): warning C4005: STATUS_SXS_INVALID_DEACTIVATION: изменение макроопределения
  C:\Program Files (x86)\Windows Kits\8.1\Include\um\winnt.h(2267): note: см. предыдущее определение "STATUS_SXS_INVALID_DEACTIVATION"
Source.cpp(160): warning C4047: функция: "DWORD" отличается по уровням косвенного обращения от "void *"
Source.cpp(160): warning C4024: PeekNamedPipe: различные типы для формального и фактического параметров 3
Source.cpp(171): warning C4047: функция: "DWORD" отличается по уровням косвенного обращения от "void *"
Source.cpp(171): warning C4024: PeekNamedPipe: различные типы для формального и фактического параметров 3
  Создание кода
c:\users\kote\documents\github\rat_winapi\client\client\source.cpp(91): warning C4172: возвращение адреса локальной или временной переменной : username
c:\users\kote\documents\github\rat_winapi\client\client\source.cpp(100): warning C4172: возвращение адреса локальной или временной переменной : os
c:\users\kote\documents\github\rat_winapi\client\client\source.cpp(82): warning C4172: возвращение адреса локальной или временной переменной : hwid
  Создание кода завершено
  client.vcxproj -> C:\Users\kote\Documents\GitHub\RAT_WINAPI\client\Release\client.exe
